<?xml version="1.0" encoding="UTF-8"?>
<Site BuildName="(empty)"
	BuildStamp="20260415-1329-Experimental"
	Name="MSI"
	Generator="ctest-3.22.1"
	CompilerName="/usr/bin/c++"
	CompilerVersion="11.4.0"
	OSName="Linux"
	Hostname="MSI"
	OSRelease="6.8.0-107-generic"
	OSVersion="#107~22.04.1-Ubuntu SMP PREEMPT_DYNAMIC Wed Mar 18 23:40:43 UTC "
	OSPlatform="x86_64"
	Is64Bits="1"
	VendorString="GenuineIntel"
	VendorID="Intel Corporation"
	FamilyID="6"
	ModelID="154"
	ProcessorCacheSize="24576"
	NumberOfLogicalCPU="16"
	NumberOfPhysicalCPU="10"
	TotalVirtualMemory="2047"
	TotalPhysicalMemory="15692"
	LogicalProcessorsPerPhysical="1"
	ProcessorClockFrequency="1200"
	>
	<Testing>
		<StartDateTime>Apr 15 21:29 +08</StartDateTime>
		<StartTestTime>1776259789</StartTestTime>
		<TestList/>
		<EndDateTime>Apr 15 21:29 +08</EndDateTime>
		<EndTestTime>1776259789</EndTestTime>
		<ElapsedMinutes>0</ElapsedMinutes>
	</Testing>
</Site>
